[debug] [2023-10-26T14:04:37.927Z] ----------------------------------------------------------------------
[debug] [2023-10-26T14:04:37.932Z] Command:       C:\Program Files\nodejs\node.exe C:\Users\INFOKOM\AppData\Roaming\npm\node_modules\firebase-tools\lib\bin\firebase.js init
[debug] [2023-10-26T14:04:37.933Z] CLI Version:   12.5.3
[debug] [2023-10-26T14:04:37.934Z] Platform:      win32
[debug] [2023-10-26T14:04:37.934Z] Node Version:  v16.16.0
[debug] [2023-10-26T14:04:37.936Z] Time:          Thu Oct 26 2023 15:04:37 GMT+0100 (GMT+01:00)
[debug] [2023-10-26T14:04:37.936Z] ----------------------------------------------------------------------
[debug] 
[debug] [2023-10-26T14:04:38.081Z] > command requires scopes: ["email","openid","https://www.googleapis.com/auth/cloudplatformprojects.readonly","https://www.googleapis.com/auth/firebase","https://www.googleapis.com/auth/cloud-platform"]
[debug] [2023-10-26T14:04:38.082Z] > authorizing via signed-in user (rouaothmanioffic@gmail.com)
[info] 
     ######## #### ########  ######## ########     ###     ######  ########
     ##        ##  ##     ## ##       ##     ##  ##   ##  ##       ##
     ######    ##  ########  ######   ########  #########  ######  ######
     ##        ##  ##    ##  ##       ##     ## ##     ##       ## ##
     ##       #### ##     ## ######## ########  ##     ##  ######  ########

You're about to initialize a Firebase project in this directory:

  C:\Users\INFOKOM\OneDrive\Bureau\rouaothmani\client

Before we get started, keep in mind:

  * You are initializing within an existing Firebase project directory

[info] 
=== Project Setup
[info] 
[info] First, let's associate this project directory with a Firebase project.
[info] You can create multiple project aliases by running firebase use --add, 
[info] but for now we'll just set up a default project.
[info] 
[debug] [2023-10-26T14:04:42.416Z] Using project from CLI flag: rouaothmaniii
[debug] [2023-10-26T14:04:42.421Z] >>> [apiv2][query] GET https://firebase.googleapis.com/v1beta1/projects/rouaothmaniii [none]
[debug] [2023-10-26T14:04:43.306Z] <<< [apiv2][status] GET https://firebase.googleapis.com/v1beta1/projects/rouaothmaniii 200
[debug] [2023-10-26T14:04:43.307Z] <<< [apiv2][body] GET https://firebase.googleapis.com/v1beta1/projects/rouaothmaniii {"projectId":"rouaothmaniii","projectNumber":"650314818707","displayName":"rouaothmani","name":"projects/rouaothmaniii","resources":{"hostingSite":"rouaothmaniii"},"state":"ACTIVE","etag":"1_4ddfae1f-bd84-4651-86bb-91ebf9ea4caf"}
[info] i  Using project rouaothmaniii (rouaothmani) 
[info] 
=== Hosting Setup
[info] 
[info] Your public directory is the folder (relative to your project directory) that
[info] will contain Hosting assets to be uploaded with firebase deploy. If you
[info] have a build process for your assets, use your build's output directory.
[info] 
[info] i  Skipping write of dist/client/404.html 
[debug] [2023-10-26T14:04:54.036Z] >>> [apiv2][query] GET https://www.gstatic.com/firebasejs/releases.json [none]
[debug] [2023-10-26T14:04:59.487Z] <<< [apiv2][status] GET https://www.gstatic.com/firebasejs/releases.json 200
[debug] [2023-10-26T14:04:59.487Z] <<< [apiv2][body] GET https://www.gstatic.com/firebasejs/releases.json {"current":{"version":"10.5.0","browserURL":"https://www.gstatic.com/firebasejs/10.5.0/firebase.js","packageURL":"https://www.gstatic.com/firebasejs/10.5.0/firebase.tgz"},"live":{"version":"10.5","browserURL":"https://www.gstatic.com/firebasejs/live/10.5/firebase.js","packageURL":"https://www.gstatic.com/firebasejs/live/10.5/firebase.tgz"},"components":{"analytics":"https://www.gstatic.com/firebasejs/10.5.0/firebase-analytics.js","app":"https://www.gstatic.com/firebasejs/10.5.0/firebase-app.js","app-check":"https://www.gstatic.com/firebasejs/10.5.0/firebase-app-check.js","auth":"https://www.gstatic.com/firebasejs/10.5.0/firebase-auth.js","auth/cordova":"https://www.gstatic.com/firebasejs/10.5.0/firebase-auth/cordova.js","functions":"https://www.gstatic.com/firebasejs/10.5.0/firebase-functions.js","firestore":"https://www.gstatic.com/firebasejs/10.5.0/firebase-firestore.js","firestore/lite":"https://www.gstatic.com/firebasejs/10.5.0/firebase-firestore/lite.js","installations":"https://www.gstatic.com/firebasejs/10.5.0/firebase-installations.js","storage":"https://www.gstatic.com/firebasejs/10.5.0/firebase-storage.js","performance":"https://www.gstatic.com/firebasejs/10.5.0/firebase-performance.js","remote-config":"https://www.gstatic.com/firebasejs/10.5.0/firebase-remote-config.js","messaging":"https://www.gstatic.com/firebasejs/10.5.0/firebase-messaging.js","messaging/sw":"https://www.gstatic.com/firebasejs/10.5.0/firebase-messaging/sw.js","database":"https://www.gstatic.com/firebasejs/10.5.0/firebase-database.js","firestore.memory":"https://www.gstatic.com/firebasejs/10.5.0/firebase-firestore.memory.js"}}
[info] i  Skipping write of dist/client/index.html 
[info] 
[info] i  Detected a .git folder at C:\Users\INFOKOM\OneDrive\Bureau\rouaothmani\client 
[info] i  Authorizing with GitHub to upload your service account to a GitHub repository's secrets store. 
[info] 
[info] Visit this URL on this device to log in:
[info] https://github.com/login/oauth/authorize?client_id=89cf50f02ac6aaed3484&state=330116673&redirect_uri=http%3A%2F%2Flocalhost%3A9005&scope=read%3Auser%20repo%20public_repo
[info] 
[info] Waiting for authentication...
[debug] [2023-10-26T14:05:03.869Z] >>> [apiv2][query] POST https://github.com/login/oauth/access_token [none]
[debug] [2023-10-26T14:05:03.871Z] >>> [apiv2][body] POST https://github.com/login/oauth/access_token [stream]
[debug] [2023-10-26T14:05:06.561Z] <<< [apiv2][status] POST https://github.com/login/oauth/access_token 200
[debug] [2023-10-26T14:05:06.562Z] <<< [apiv2][body] POST https://github.com/login/oauth/access_token {"access_token":"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","token_type":"bearer","scope":"read:user,repo"}
[debug] [2023-10-26T14:05:06.585Z] >>> [apiv2][query] GET https://api.github.com/user [none]
[debug] [2023-10-26T14:05:09.203Z] <<< [apiv2][status] GET https://api.github.com/user 200
[debug] [2023-10-26T14:05:09.204Z] <<< [apiv2][body] GET https://api.github.com/user {"login":"rouaothmani","id":139015623,"node_id":"U_kgDOCEk1xw","avatar_url":"https://avatars.githubusercontent.com/u/139015623?v=4","gravatar_id":"","url":"https://api.github.com/users/rouaothmani","html_url":"https://github.com/rouaothmani","followers_url":"https://api.github.com/users/rouaothmani/followers","following_url":"https://api.github.com/users/rouaothmani/following{/other_user}","gists_url":"https://api.github.com/users/rouaothmani/gists{/gist_id}","starred_url":"https://api.github.com/users/rouaothmani/starred{/owner}{/repo}","subscriptions_url":"https://api.github.com/users/rouaothmani/subscriptions","organizations_url":"https://api.github.com/users/rouaothmani/orgs","repos_url":"https://api.github.com/users/rouaothmani/repos","events_url":"https://api.github.com/users/rouaothmani/events{/privacy}","received_events_url":"https://api.github.com/users/rouaothmani/received_events","type":"User","site_admin":false,"name":"roua othmani","company":null,"blog":"","location":null,"email":null,"hireable":null,"bio":null,"twitter_username":null,"public_repos":2,"public_gists":0,"followers":0,"following":0,"created_at":"2023-07-08T21:08:40Z","updated_at":"2023-10-21T14:03:37Z","private_gists":0,"total_private_repos":0,"owned_private_repos":0,"disk_usage":10757,"collaborators":0,"two_factor_authentication":false,"plan":{"name":"free","space":976562499,"collaborators":0,"private_repos":10000}}
[info] 
[info] +  Success! Logged into GitHub as rouaothmani 
[info] 
[debug] [2023-10-26T14:05:20.173Z] >>> [apiv2][query] GET https://api.github.com/repos/rouaothmani/rouaothmaniii/actions/secrets/public-key type=owner
[debug] [2023-10-26T14:05:23.149Z] <<< [apiv2][status] GET https://api.github.com/repos/rouaothmani/rouaothmaniii/actions/secrets/public-key 200
[debug] [2023-10-26T14:05:23.150Z] <<< [apiv2][body] GET https://api.github.com/repos/rouaothmani/rouaothmaniii/actions/secrets/public-key {"key_id":"568250167242549743","key":"KZbf5JBaOmihTwdlXqV0sd/FE6RVUAOxCPkHfJaSHG8="}
[debug] [2023-10-26T14:05:23.156Z] >>> [apiv2][query] GET https://api.github.com/repos/rouaothmani/rouaothmaniii [none]
[debug] [2023-10-26T14:05:24.767Z] <<< [apiv2][status] GET https://api.github.com/repos/rouaothmani/rouaothmaniii 200
[debug] [2023-10-26T14:05:24.768Z] <<< [apiv2][body] GET https://api.github.com/repos/rouaothmani/rouaothmaniii {"id":689699190,"node_id":"R_kgDOKRv5dg","name":"rouaothmaniii","full_name":"rouaothmani/rouaothmaniii","private":false,"owner":{"login":"rouaothmani","id":139015623,"node_id":"U_kgDOCEk1xw","avatar_url":"https://avatars.githubusercontent.com/u/139015623?v=4","gravatar_id":"","url":"https://api.github.com/users/rouaothmani","html_url":"https://github.com/rouaothmani","followers_url":"https://api.github.com/users/rouaothmani/followers","following_url":"https://api.github.com/users/rouaothmani/following{/other_user}","gists_url":"https://api.github.com/users/rouaothmani/gists{/gist_id}","starred_url":"https://api.github.com/users/rouaothmani/starred{/owner}{/repo}","subscriptions_url":"https://api.github.com/users/rouaothmani/subscriptions","organizations_url":"https://api.github.com/users/rouaothmani/orgs","repos_url":"https://api.github.com/users/rouaothmani/repos","events_url":"https://api.github.com/users/rouaothmani/events{/privacy}","received_events_url":"https://api.github.com/users/rouaothmani/received_events","type":"User","site_admin":false},"html_url":"https://github.com/rouaothmani/rouaothmaniii","description":null,"fork":false,"url":"https://api.github.com/repos/rouaothmani/rouaothmaniii","forks_url":"https://api.github.com/repos/rouaothmani/rouaothmaniii/forks","keys_url":"https://api.github.com/repos/rouaothmani/rouaothmaniii/keys{/key_id}","collaborators_url":"https://api.github.com/repos/rouaothmani/rouaothmaniii/collaborators{/collaborator}","teams_url":"https://api.github.com/repos/rouaothmani/rouaothmaniii/teams","hooks_url":"https://api.github.com/repos/rouaothmani/rouaothmaniii/hooks","issue_events_url":"https://api.github.com/repos/rouaothmani/rouaothmaniii/issues/events{/number}","events_url":"https://api.github.com/repos/rouaothmani/rouaothmaniii/events","assignees_url":"https://api.github.com/repos/rouaothmani/rouaothmaniii/assignees{/user}","branches_url":"https://api.github.com/repos/rouaothmani/rouaothmaniii/branches{/branch}","tags_url":"https://api.github.com/repos/rouaothmani/rouaothmaniii/tags","blobs_url":"https://api.github.com/repos/rouaothmani/rouaothmaniii/git/blobs{/sha}","git_tags_url":"https://api.github.com/repos/rouaothmani/rouaothmaniii/git/tags{/sha}","git_refs_url":"https://api.github.com/repos/rouaothmani/rouaothmaniii/git/refs{/sha}","trees_url":"https://api.github.com/repos/rouaothmani/rouaothmaniii/git/trees{/sha}","statuses_url":"https://api.github.com/repos/rouaothmani/rouaothmaniii/statuses/{sha}","languages_url":"https://api.github.com/repos/rouaothmani/rouaothmaniii/languages","stargazers_url":"https://api.github.com/repos/rouaothmani/rouaothmaniii/stargazers","contributors_url":"https://api.github.com/repos/rouaothmani/rouaothmaniii/contributors","subscribers_url":"https://api.github.com/repos/rouaothmani/rouaothmaniii/subscribers","subscription_url":"https://api.github.com/repos/rouaothmani/rouaothmaniii/subscription","commits_url":"https://api.github.com/repos/rouaothmani/rouaothmaniii/commits{/sha}","git_commits_url":"https://api.github.com/repos/rouaothmani/rouaothmaniii/git/commits{/sha}","comments_url":"https://api.github.com/repos/rouaothmani/rouaothmaniii/comments{/number}","issue_comment_url":"https://api.github.com/repos/rouaothmani/rouaothmaniii/issues/comments{/number}","contents_url":"https://api.github.com/repos/rouaothmani/rouaothmaniii/contents/{+path}","compare_url":"https://api.github.com/repos/rouaothmani/rouaothmaniii/compare/{base}...{head}","merges_url":"https://api.github.com/repos/rouaothmani/rouaothmaniii/merges","archive_url":"https://api.github.com/repos/rouaothmani/rouaothmaniii/{archive_format}{/ref}","downloads_url":"https://api.github.com/repos/rouaothmani/rouaothmaniii/downloads","issues_url":"https://api.github.com/repos/rouaothmani/rouaothmaniii/issues{/number}","pulls_url":"https://api.github.com/repos/rouaothmani/rouaothmaniii/pulls{/number}","milestones_url":"https://api.github.com/repos/rouaothmani/rouaothmaniii/milestones{/number}","notifications_url":"https://api.github.com/repos/rouaothmani/rouaothmaniii/notifications{?since,all,participating}","labels_url":"https://api.github.com/repos/rouaothmani/rouaothmaniii/labels{/name}","releases_url":"https://api.github.com/repos/rouaothmani/rouaothmaniii/releases{/id}","deployments_url":"https://api.github.com/repos/rouaothmani/rouaothmaniii/deployments","created_at":"2023-09-10T16:25:52Z","updated_at":"2023-09-21T19:41:04Z","pushed_at":"2023-10-26T14:02:53Z","git_url":"git://github.com/rouaothmani/rouaothmaniii.git","ssh_url":"git@github.com:rouaothmani/rouaothmaniii.git","clone_url":"https://github.com/rouaothmani/rouaothmaniii.git","svn_url":"https://github.com/rouaothmani/rouaothmaniii","homepage":null,"size":8169,"stargazers_count":0,"watchers_count":0,"language":"CSS","has_issues":true,"has_projects":true,"has_downloads":true,"has_wiki":true,"has_pages":false,"has_discussions":false,"forks_count":0,"mirror_url":null,"archived":false,"disabled":false,"open_issues_count":0,"license":null,"allow_forking":true,"is_template":false,"web_commit_signoff_required":false,"topics":[],"visibility":"public","forks":0,"open_issues":0,"watchers":0,"default_branch":"master","permissions":{"admin":true,"maintain":true,"push":true,"triage":true,"pull":true},"temp_clone_token":"","allow_squash_merge":true,"allow_merge_commit":true,"allow_rebase_merge":true,"allow_auto_merge":false,"delete_branch_on_merge":false,"allow_update_branch":false,"use_squash_pr_title_as_default":false,"squash_merge_commit_message":"COMMIT_MESSAGES","squash_merge_commit_title":"COMMIT_OR_PR_TITLE","merge_commit_message":"PR_TITLE","merge_commit_title":"MERGE_MESSAGE","security_and_analysis":{"secret_scanning":{"status":"disabled"},"secret_scanning_push_protection":{"status":"disabled"},"dependabot_security_updates":{"status":"disabled"}},"network_count":0,"subscribers_count":1}
[debug] [2023-10-26T14:05:24.770Z] >>> [apiv2][query] POST https://iam.googleapis.com/v1/projects/rouaothmaniii/serviceAccounts [none]
[debug] [2023-10-26T14:05:24.770Z] >>> [apiv2][body] POST https://iam.googleapis.com/v1/projects/rouaothmaniii/serviceAccounts {"accountId":"github-action-689699190","serviceAccount":{"displayName":"GitHub Actions (rouaothmani/rouaothmaniii)","description":"A service account with permission to deploy to Firebase Hosting and Cloud Functions for the GitHub repository rouaothmani/rouaothmaniii"}}
[debug] [2023-10-26T14:05:26.673Z] <<< [apiv2][status] POST https://iam.googleapis.com/v1/projects/rouaothmaniii/serviceAccounts 409
[debug] [2023-10-26T14:05:26.674Z] <<< [apiv2][body] POST https://iam.googleapis.com/v1/projects/rouaothmaniii/serviceAccounts [omitted]
[debug] [2023-10-26T14:05:26.677Z] >>> [apiv2][query] GET https://iam.googleapis.com/v1/projects/rouaothmaniii/serviceAccounts/github-action-689699190@rouaothmaniii.iam.gserviceaccount.com [none]
[debug] [2023-10-26T14:05:26.682Z] >>> [apiv2][query] POST https://cloudresourcemanager.googleapis.com/v1/projects/rouaothmaniii:getIamPolicy [none]
[debug] [2023-10-26T14:05:31.265Z] <<< [apiv2][status] POST https://cloudresourcemanager.googleapis.com/v1/projects/rouaothmaniii:getIamPolicy 200
[debug] [2023-10-26T14:05:31.265Z] <<< [apiv2][body] POST https://cloudresourcemanager.googleapis.com/v1/projects/rouaothmaniii:getIamPolicy {"version":1,"etag":"BwYInwv4leY=","bindings":[{"role":"roles/cloudfunctions.developer","members":["serviceAccount:github-action-689699190@rouaothmaniii.iam.gserviceaccount.com"]},{"role":"roles/firebase.managementServiceAgent","members":["serviceAccount:firebase-service-account@firebase-sa-management.iam.gserviceaccount.com","serviceAccount:service-650314818707@gcp-sa-firebase.iam.gserviceaccount.com"]},{"role":"roles/firebase.sdkAdminServiceAgent","members":["serviceAccount:firebase-adminsdk-9x2nb@rouaothmaniii.iam.gserviceaccount.com"]},{"role":"roles/firebaseauth.admin","members":["serviceAccount:github-action-689699190@rouaothmaniii.iam.gserviceaccount.com"]},{"role":"roles/firebasehosting.admin","members":["serviceAccount:github-action-689699190@rouaothmaniii.iam.gserviceaccount.com"]},{"role":"roles/firebaserules.system","members":["serviceAccount:service-650314818707@firebase-rules.iam.gserviceaccount.com"]},{"role":"roles/iam.serviceAccountTokenCreator","members":["serviceAccount:firebase-adminsdk-9x2nb@rouaothmaniii.iam.gserviceaccount.com"]},{"role":"roles/owner","members":["user:rouaothmanioffic@gmail.com"]},{"role":"roles/run.viewer","members":["serviceAccount:github-action-689699190@rouaothmaniii.iam.gserviceaccount.com"]},{"role":"roles/serviceusage.apiKeysViewer","members":["serviceAccount:github-action-689699190@rouaothmaniii.iam.gserviceaccount.com"]}]}
[debug] [2023-10-26T14:05:31.269Z] <<< [apiv2][status] GET https://iam.googleapis.com/v1/projects/rouaothmaniii/serviceAccounts/github-action-689699190@rouaothmaniii.iam.gserviceaccount.com 200
[debug] [2023-10-26T14:05:31.270Z] <<< [apiv2][body] GET https://iam.googleapis.com/v1/projects/rouaothmaniii/serviceAccounts/github-action-689699190@rouaothmaniii.iam.gserviceaccount.com {"name":"projects/rouaothmaniii/serviceAccounts/github-action-689699190@rouaothmaniii.iam.gserviceaccount.com","projectId":"rouaothmaniii","uniqueId":"115464586200924344055","email":"github-action-689699190@rouaothmaniii.iam.gserviceaccount.com","displayName":"GitHub Actions (rouaothmani/rouaothmaniii)","etag":"MDEwMjE5MjA=","description":"A service account with permission to deploy to Firebase Hosting and Cloud Functions for the GitHub repository rouaothmani/rouaothmaniii","oauth2ClientId":"115464586200924344055"}
[debug] [2023-10-26T14:05:31.272Z] >>> [apiv2][query] POST https://cloudresourcemanager.googleapis.com/v1/projects/rouaothmaniii:setIamPolicy [none]
[debug] [2023-10-26T14:05:31.273Z] >>> [apiv2][body] POST https://cloudresourcemanager.googleapis.com/v1/projects/rouaothmaniii:setIamPolicy {"policy":{"version":1,"etag":"BwYInwv4leY=","bindings":[{"role":"roles/cloudfunctions.developer","members":["serviceAccount:github-action-689699190@rouaothmaniii.iam.gserviceaccount.com"]},{"role":"roles/firebase.managementServiceAgent","members":["serviceAccount:firebase-service-account@firebase-sa-management.iam.gserviceaccount.com","serviceAccount:service-650314818707@gcp-sa-firebase.iam.gserviceaccount.com"]},{"role":"roles/firebase.sdkAdminServiceAgent","members":["serviceAccount:firebase-adminsdk-9x2nb@rouaothmaniii.iam.gserviceaccount.com"]},{"role":"roles/firebaseauth.admin","members":["serviceAccount:github-action-689699190@rouaothmaniii.iam.gserviceaccount.com"]},{"role":"roles/firebasehosting.admin","members":["serviceAccount:github-action-689699190@rouaothmaniii.iam.gserviceaccount.com"]},{"role":"roles/firebaserules.system","members":["serviceAccount:service-650314818707@firebase-rules.iam.gserviceaccount.com"]},{"role":"roles/iam.serviceAccountTokenCreator","members":["serviceAccount:firebase-adminsdk-9x2nb@rouaothmaniii.iam.gserviceaccount.com"]},{"role":"roles/owner","members":["user:rouaothmanioffic@gmail.com"]},{"role":"roles/run.viewer","members":["serviceAccount:github-action-689699190@rouaothmaniii.iam.gserviceaccount.com"]},{"role":"roles/serviceusage.apiKeysViewer","members":["serviceAccount:github-action-689699190@rouaothmaniii.iam.gserviceaccount.com"]}]},"updateMask":"bindings"}
[debug] [2023-10-26T14:05:36.881Z] <<< [apiv2][status] POST https://cloudresourcemanager.googleapis.com/v1/projects/rouaothmaniii:setIamPolicy 200
[debug] [2023-10-26T14:05:36.882Z] <<< [apiv2][body] POST https://cloudresourcemanager.googleapis.com/v1/projects/rouaothmaniii:setIamPolicy {"version":1,"etag":"BwYInxB56bI=","bindings":[{"role":"roles/cloudfunctions.developer","members":["serviceAccount:github-action-689699190@rouaothmaniii.iam.gserviceaccount.com"]},{"role":"roles/firebase.managementServiceAgent","members":["serviceAccount:firebase-service-account@firebase-sa-management.iam.gserviceaccount.com","serviceAccount:service-650314818707@gcp-sa-firebase.iam.gserviceaccount.com"]},{"role":"roles/firebase.sdkAdminServiceAgent","members":["serviceAccount:firebase-adminsdk-9x2nb@rouaothmaniii.iam.gserviceaccount.com"]},{"role":"roles/firebaseauth.admin","members":["serviceAccount:github-action-689699190@rouaothmaniii.iam.gserviceaccount.com"]},{"role":"roles/firebasehosting.admin","members":["serviceAccount:github-action-689699190@rouaothmaniii.iam.gserviceaccount.com"]},{"role":"roles/firebaserules.system","members":["serviceAccount:service-650314818707@firebase-rules.iam.gserviceaccount.com"]},{"role":"roles/iam.serviceAccountTokenCreator","members":["serviceAccount:firebase-adminsdk-9x2nb@rouaothmaniii.iam.gserviceaccount.com"]},{"role":"roles/owner","members":["user:rouaothmanioffic@gmail.com"]},{"role":"roles/run.viewer","members":["serviceAccount:github-action-689699190@rouaothmaniii.iam.gserviceaccount.com"]},{"role":"roles/serviceusage.apiKeysViewer","members":["serviceAccount:github-action-689699190@rouaothmaniii.iam.gserviceaccount.com"]}]}
[debug] [2023-10-26T14:05:36.883Z] >>> [apiv2][query] POST https://iam.googleapis.com/v1/projects/rouaothmaniii/serviceAccounts/github-action-689699190@rouaothmaniii.iam.gserviceaccount.com/keys [none]
[debug] [2023-10-26T14:05:36.884Z] >>> [apiv2][body] POST https://iam.googleapis.com/v1/projects/rouaothmaniii/serviceAccounts/github-action-689699190@rouaothmaniii.iam.gserviceaccount.com/keys {"keyAlgorithm":"KEY_ALG_UNSPECIFIED","privateKeyType":"TYPE_GOOGLE_CREDENTIALS_FILE"}
[debug] [2023-10-26T14:05:38.914Z] <<< [apiv2][status] POST https://iam.googleapis.com/v1/projects/rouaothmaniii/serviceAccounts/github-action-689699190@rouaothmaniii.iam.gserviceaccount.com/keys 400
[debug] [2023-10-26T14:05:38.915Z] <<< [apiv2][body] POST https://iam.googleapis.com/v1/projects/rouaothmaniii/serviceAccounts/github-action-689699190@rouaothmaniii.iam.gserviceaccount.com/keys {"error":{"code":400,"message":"Precondition check failed.","status":"FAILED_PRECONDITION"}}
[debug] [2023-10-26T14:05:38.919Z] >>> [apiv2][query] GET https://iam.googleapis.com/v1/projects/rouaothmaniii/serviceAccounts/github-action-689699190@rouaothmaniii.iam.gserviceaccount.com/keys [none]
[debug] [2023-10-26T14:05:40.275Z] <<< [apiv2][status] GET https://iam.googleapis.com/v1/projects/rouaothmaniii/serviceAccounts/github-action-689699190@rouaothmaniii.iam.gserviceaccount.com/keys 200
[debug] [2023-10-26T14:05:40.275Z] <<< [apiv2][body] GET https://iam.googleapis.com/v1/projects/rouaothmaniii/serviceAccounts/github-action-689699190@rouaothmaniii.iam.gserviceaccount.com/keys {"keys":[{"name":"projects/rouaothmaniii/serviceAccounts/github-action-689699190@rouaothmaniii.iam.gserviceaccount.com/keys/6ce57d029948a2c39f122d6cd00f6e622384bf86","validAfterTime":"2023-09-10T16:46:27Z","validBeforeTime":"9999-12-31T23:59:59Z","keyAlgorithm":"KEY_ALG_RSA_2048","keyOrigin":"GOOGLE_PROVIDED","keyType":"USER_MANAGED"},{"name":"projects/rouaothmaniii/serviceAccounts/github-action-689699190@rouaothmaniii.iam.gserviceaccount.com/keys/a53833018e5b8308879d98efcfc94d93f84ec6a2","validAfterTime":"2023-09-10T16:59:18Z","validBeforeTime":"9999-12-31T23:59:59Z","keyAlgorithm":"KEY_ALG_RSA_2048","keyOrigin":"GOOGLE_PROVIDED","keyType":"USER_MANAGED"},{"name":"projects/rouaothmaniii/serviceAccounts/github-action-689699190@rouaothmaniii.iam.gserviceaccount.com/keys/caa0f5fc7da2cbad9483f7c55baafb61bcc16850","validAfterTime":"2023-09-21T19:42:25Z","validBeforeTime":"9999-12-31T23:59:59Z","keyAlgorithm":"KEY_ALG_RSA_2048","keyOrigin":"GOOGLE_PROVIDED","keyType":"USER_MANAGED"},{"name":"projects/rouaothmaniii/serviceAccounts/github-action-689699190@rouaothmaniii.iam.gserviceaccount.com/keys/8bc14b3726190efb245e3d0945bc300660c20ef1","validAfterTime":"2023-10-02T20:28:50Z","validBeforeTime":"9999-12-31T23:59:59Z","keyAlgorithm":"KEY_ALG_RSA_2048","keyOrigin":"GOOGLE_PROVIDED","keyType":"USER_MANAGED"},{"name":"projects/rouaothmaniii/serviceAccounts/github-action-689699190@rouaothmaniii.iam.gserviceaccount.com/keys/7584b5cc48f9faea4d9b60dd19096bfa37dc2bff","validAfterTime":"2023-10-02T20:34:58Z","validBeforeTime":"9999-12-31T23:59:59Z","keyAlgorithm":"KEY_ALG_RSA_2048","keyOrigin":"GOOGLE_PROVIDED","keyType":"USER_MANAGED"},{"name":"projects/rouaothmaniii/serviceAccounts/github-action-689699190@rouaothmaniii.iam.gserviceaccount.com/keys/b13cf66909ec4d3ed75859820982105e483d1c4b","validAfterTime":"2023-10-03T06:11:50Z","validBeforeTime":"9999-12-31T23:59:59Z","keyAlgorithm":"KEY_ALG_RSA_2048","keyOrigin":"GOOGLE_PROVIDED","keyType":"USER_MANAGED"},{"name":"projects/rouaothmaniii/serviceAccounts/github-action-689699190@rouaothmaniii.iam.gserviceaccount.com/keys/ff63b4b248559a93e539b3241add38aa6c7da2e2","validAfterTime":"2023-10-03T07:03:29Z","validBeforeTime":"9999-12-31T23:59:59Z","keyAlgorithm":"KEY_ALG_RSA_2048","keyOrigin":"GOOGLE_PROVIDED","keyType":"USER_MANAGED"},{"name":"projects/rouaothmaniii/serviceAccounts/github-action-689699190@rouaothmaniii.iam.gserviceaccount.com/keys/5a41c8cf6877dc8921c7a3a7905cef85aff4dc5b","validAfterTime":"2023-10-23T16:01:48Z","validBeforeTime":"9999-12-31T23:59:59Z","keyAlgorithm":"KEY_ALG_RSA_2048","keyOrigin":"GOOGLE_PROVIDED","keyType":"USER_MANAGED"},{"name":"projects/rouaothmaniii/serviceAccounts/github-action-689699190@rouaothmaniii.iam.gserviceaccount.com/keys/c789eb71f9fcb58929e6aff11276a9fbba682249","validAfterTime":"2023-10-23T16:11:15Z","validBeforeTime":"9999-12-31T23:59:59Z","keyAlgorithm":"KEY_ALG_RSA_2048","keyOrigin":"GOOGLE_PROVIDED","keyType":"USER_MANAGED"},{"name":"projects/rouaothmaniii/serviceAccounts/github-action-689699190@rouaothmaniii.iam.gserviceaccount.com/keys/6e9423ad3679f4e24bccb85ff8c85064b2219acd","validAfterTime":"2023-10-26T13:49:03Z","validBeforeTime":"9999-12-31T23:59:59Z","keyAlgorithm":"KEY_ALG_RSA_2048","keyOrigin":"GOOGLE_PROVIDED","keyType":"USER_MANAGED"},{"name":"projects/rouaothmaniii/serviceAccounts/github-action-689699190@rouaothmaniii.iam.gserviceaccount.com/keys/651d408903af3a76e20119ccbac5bb2ba94db69e","validAfterTime":"2023-09-10T16:46:22Z","validBeforeTime":"2025-09-22T22:15:42Z","keyAlgorithm":"KEY_ALG_RSA_2048","keyOrigin":"GOOGLE_PROVIDED","keyType":"SYSTEM_MANAGED"}]}
[debug] [2023-10-26T14:05:45.291Z] Error: Timed out.
    at Timeout._onTimeout (C:\Users\INFOKOM\AppData\Roaming\npm\node_modules\firebase-tools\lib\utils.js:254:49)
    at listOnTimeout (node:internal/timers:559:17)
    at processTimers (node:internal/timers:502:7)
[error] 
[error] Error: An unexpected error has occurred.
